2025-08-06 12:14:05,411 - services.pipeline_adapter - INFO - 流水线模块导入成功
2025-08-06 12:14:05,413 - services.processing_orchestrator - INFO - 流水线模块导入成功
2025-08-06 12:14:05,484 - main - INFO - 启动AutoClip API服务...
2025-08-06 12:14:05,485 - main - INFO - 数据库表创建完成
2025-08-06 12:14:05,485 - main - WARNING - 未找到API密钥配置
2025-08-06 12:29:58,642 - services.pipeline_adapter - INFO - 流水线模块导入成功
2025-08-06 12:29:58,643 - services.processing_orchestrator - INFO - 流水线模块导入成功
2025-08-06 12:29:58,710 - main - INFO - 启动AutoClip API服务...
2025-08-06 12:29:58,711 - main - INFO - 数据库表创建完成
2025-08-06 12:29:58,711 - main - WARNING - 未找到API密钥配置
2025-08-06 12:34:56,689 - services.pipeline_adapter - INFO - 流水线模块导入成功
2025-08-06 12:34:56,689 - services.processing_orchestrator - INFO - 流水线模块导入成功
2025-08-06 12:36:02,668 - services.pipeline_adapter - INFO - 流水线模块导入成功
2025-08-06 12:36:02,669 - services.processing_orchestrator - INFO - 流水线模块导入成功
2025-08-06 12:36:39,092 - services.pipeline_adapter - INFO - 流水线模块导入成功
2025-08-06 12:36:39,093 - services.processing_orchestrator - INFO - 流水线模块导入成功
2025-08-06 12:37:21,829 - main_simple - INFO - AutoClip 后端服务正在启动...
2025-08-06 12:37:21,830 - main_simple - INFO - 数据库表创建/更新完成
2025-08-06 12:37:21,830 - main_simple - INFO - AutoClip 后端服务启动完成
2025-08-06 12:37:33,987 - main_simple - INFO - AutoClip 后端服务正在关闭...
2025-08-06 12:37:49,017 - main_simple - INFO - AutoClip 后端服务正在启动...
2025-08-06 12:37:49,018 - main_simple - INFO - 数据库表创建/更新完成
2025-08-06 12:37:49,018 - main_simple - INFO - AutoClip 后端服务启动完成
2025-08-06 13:07:48,547 - main_simple - INFO - AutoClip 后端服务正在关闭...
2025-08-06 13:07:48,952 - main_simple - INFO - AutoClip 后端服务正在启动...
2025-08-06 13:07:48,953 - main_simple - INFO - 数据库表创建/更新完成
2025-08-06 13:07:48,953 - main_simple - INFO - AutoClip 后端服务启动完成
2025-08-06 13:29:01,549 - services.pipeline_adapter - INFO - 流水线模块导入成功
2025-08-06 13:29:01,549 - services.processing_orchestrator - INFO - 流水线模块导入成功
2025-08-06 13:30:47,820 - main_simple - INFO - AutoClip 后端服务正在关闭...
2025-08-06 13:30:48,222 - main_simple - INFO - AutoClip 后端服务正在启动...
2025-08-06 13:30:48,223 - main_simple - INFO - 数据库表创建/更新完成
2025-08-06 13:30:48,223 - main_simple - INFO - AutoClip 后端服务启动完成
2025-08-06 13:32:30,636 - main_simple - INFO - AutoClip 后端服务正在关闭...
2025-08-06 13:32:31,013 - main_simple - INFO - AutoClip 后端服务正在启动...
2025-08-06 13:32:31,014 - main_simple - INFO - 数据库表创建/更新完成
2025-08-06 13:32:31,014 - main_simple - INFO - AutoClip 后端服务启动完成
2025-08-06 13:56:27,431 - services.pipeline_adapter - INFO - 流水线模块导入成功
2025-08-06 13:56:27,432 - services.processing_orchestrator - INFO - 流水线模块导入成功
2025-08-06 16:20:05,022 - backend.services.pipeline_adapter - INFO - 流水线模块导入成功
2025-08-06 16:20:05,023 - backend.services.processing_orchestrator - INFO - 流水线模块导入成功
2025-08-06 16:20:05,096 - main - INFO - 启动AutoClip API服务...
2025-08-06 16:20:05,099 - main - INFO - 数据库表创建完成
2025-08-06 16:20:05,099 - main - INFO - API密钥已加载到环境变量
2025-08-06 16:27:17,417 - backend.services.pipeline_adapter - INFO - 流水线模块导入成功
2025-08-06 16:27:17,419 - backend.services.processing_orchestrator - INFO - 流水线模块导入成功
2025-08-06 16:27:17,506 - main - INFO - 启动AutoClip API服务...
2025-08-06 16:27:17,506 - main - INFO - 数据库表创建完成
2025-08-06 16:27:17,507 - main - INFO - API密钥已加载到环境变量
2025-08-06 16:37:34,139 - backend.services.pipeline_adapter - INFO - 流水线模块导入成功
2025-08-06 16:37:34,140 - backend.services.processing_orchestrator - INFO - 流水线模块导入成功
2025-08-06 16:37:34,207 - main - INFO - 启动AutoClip API服务...
2025-08-06 16:37:34,208 - main - INFO - 数据库表创建完成
2025-08-06 16:37:34,208 - main - INFO - API密钥已加载到环境变量
2025-08-06 16:38:47,321 - backend.services.pipeline_adapter - INFO - 流水线模块导入成功
2025-08-06 16:38:47,322 - backend.services.processing_orchestrator - INFO - 流水线模块导入成功
2025-08-06 16:38:47,374 - main - INFO - 启动AutoClip API服务...
2025-08-06 16:38:47,375 - main - INFO - 数据库表创建完成
2025-08-06 16:38:47,375 - main - INFO - API密钥已加载到环境变量
2025-08-06 16:39:43,400 - backend.services.pipeline_adapter - INFO - 流水线模块导入成功
2025-08-06 16:39:43,400 - backend.services.processing_orchestrator - INFO - 流水线模块导入成功
2025-08-06 16:39:43,453 - main - INFO - 启动AutoClip API服务...
2025-08-06 16:39:43,454 - main - INFO - 数据库表创建完成
2025-08-06 16:39:43,454 - main - INFO - API密钥已加载到环境变量
2025-08-06 16:41:37,870 - backend.services.pipeline_adapter - INFO - 流水线模块导入成功
2025-08-06 16:41:37,870 - backend.services.processing_orchestrator - INFO - 流水线模块导入成功
2025-08-06 16:41:37,937 - main - INFO - 启动AutoClip API服务...
2025-08-06 16:41:37,938 - main - INFO - 数据库表创建完成
2025-08-06 16:41:37,938 - main - INFO - API密钥已加载到环境变量
2025-08-06 16:41:49,381 - backend.services.pipeline_adapter - INFO - 流水线模块导入成功
2025-08-06 16:41:49,381 - backend.services.processing_orchestrator - INFO - 流水线模块导入成功
2025-08-06 16:41:49,434 - main - INFO - 启动AutoClip API服务...
2025-08-06 16:41:49,435 - main - INFO - 数据库表创建完成
2025-08-06 16:41:49,435 - main - INFO - API密钥已加载到环境变量
2025-08-06 16:42:12,124 - backend.services.websocket_notification_service - INFO - 项目更新通知已发送: f70ba71d-53e3-4162-acc0-c80da61a05eb - processing
2025-08-06 16:42:23,765 - backend.services.pipeline_adapter - INFO - 流水线模块导入成功
2025-08-06 16:42:23,766 - backend.services.processing_orchestrator - INFO - 流水线模块导入成功
2025-08-06 16:42:23,836 - main - INFO - 启动AutoClip API服务...
2025-08-06 16:42:23,836 - main - INFO - 数据库表创建完成
2025-08-06 16:42:23,836 - main - INFO - API密钥已加载到环境变量
2025-08-06 16:43:02,751 - backend.services.websocket_notification_service - INFO - 项目更新通知已发送: f70ba71d-53e3-4162-acc0-c80da61a05eb - processing
2025-08-06 16:43:25,482 - backend.services.pipeline_adapter - INFO - 流水线模块导入成功
2025-08-06 16:43:25,482 - backend.services.processing_orchestrator - INFO - 流水线模块导入成功
2025-08-06 16:43:25,536 - main - INFO - 启动AutoClip API服务...
2025-08-06 16:43:25,537 - main - INFO - 数据库表创建完成
2025-08-06 16:43:25,537 - main - INFO - API密钥已加载到环境变量
2025-08-06 16:43:40,539 - backend.services.pipeline_adapter - INFO - 流水线模块导入成功
2025-08-06 16:43:40,539 - backend.services.processing_orchestrator - INFO - 流水线模块导入成功
2025-08-06 16:43:40,591 - main - INFO - 启动AutoClip API服务...
2025-08-06 16:43:40,592 - main - INFO - 数据库表创建完成
2025-08-06 16:43:40,592 - main - INFO - API密钥已加载到环境变量
2025-08-06 16:44:07,516 - backend.services.websocket_notification_service - INFO - 项目更新通知已发送: f70ba71d-53e3-4162-acc0-c80da61a05eb - processing
2025-08-06 16:44:27,637 - backend.services.pipeline_adapter - INFO - 流水线模块导入成功
2025-08-06 16:44:27,637 - backend.services.processing_orchestrator - INFO - 流水线模块导入成功
2025-08-06 16:44:27,692 - main - INFO - 启动AutoClip API服务...
2025-08-06 16:44:27,693 - main - INFO - 数据库表创建完成
2025-08-06 16:44:27,693 - main - INFO - API密钥已加载到环境变量
2025-08-06 16:44:43,074 - backend.services.pipeline_adapter - INFO - 流水线模块导入成功
2025-08-06 16:44:43,074 - backend.services.processing_orchestrator - INFO - 流水线模块导入成功
2025-08-06 16:44:43,127 - main - INFO - 启动AutoClip API服务...
2025-08-06 16:44:43,128 - main - INFO - 数据库表创建完成
2025-08-06 16:44:43,128 - main - INFO - API密钥已加载到环境变量
2025-08-06 16:45:13,621 - backend.services.pipeline_adapter - INFO - 流水线模块导入成功
2025-08-06 16:45:13,622 - backend.services.processing_orchestrator - INFO - 流水线模块导入成功
2025-08-06 16:45:13,676 - main - INFO - 启动AutoClip API服务...
2025-08-06 16:45:13,677 - main - INFO - 数据库表创建完成
2025-08-06 16:45:13,677 - main - INFO - API密钥已加载到环境变量
2025-08-06 16:45:39,549 - backend.services.websocket_notification_service - INFO - 项目更新通知已发送: 9e930785-38da-468c-b4f3-875e0c5eb501 - processing
2025-08-06 17:41:42,018 - services.pipeline_adapter - INFO - 流水线模块导入成功
2025-08-06 17:41:49,745 - services.pipeline_adapter - INFO - 流水线模块导入成功
2025-08-06 17:42:08,512 - services.pipeline_adapter - INFO - 流水线模块导入成功
2025-08-06 17:42:08,515 - services.processing_orchestrator - INFO - 流水线模块导入成功
2025-08-06 17:42:15,599 - services.pipeline_adapter - INFO - 流水线模块导入成功
2025-08-06 17:42:15,600 - services.processing_orchestrator - INFO - 流水线模块导入成功
2025-08-06 17:44:16,206 - services.pipeline_adapter - INFO - 流水线模块导入成功
2025-08-06 17:44:16,208 - services.processing_orchestrator - INFO - 流水线模块导入成功
2025-08-06 17:44:22,473 - services.pipeline_adapter - INFO - 流水线模块导入成功
2025-08-06 17:44:22,473 - services.processing_orchestrator - INFO - 流水线模块导入成功
2025-08-06 17:44:22,855 - services.pipeline_adapter - INFO - 流水线模块导入成功
2025-08-06 17:44:22,855 - services.processing_orchestrator - INFO - 流水线模块导入成功
2025-08-06 17:47:17,234 - services.pipeline_adapter - INFO - 流水线模块导入成功
2025-08-06 17:47:17,235 - services.processing_orchestrator - INFO - 流水线模块导入成功
2025-08-06 17:47:17,263 - backend.services.pipeline_adapter - INFO - 流水线模块导入成功
2025-08-06 17:47:17,310 - main - INFO - 启动AutoClip API服务...
2025-08-06 17:47:17,311 - main - INFO - 数据库表创建完成
2025-08-06 17:47:17,311 - main - INFO - API密钥已加载到环境变量
2025-08-06 17:48:13,664 - main - INFO - 访问根端点
2025-08-06 17:50:59,350 - services.pipeline_adapter - INFO - 流水线模块导入成功
2025-08-06 17:50:59,351 - services.processing_orchestrator - INFO - 流水线模块导入成功
2025-08-06 17:50:59,386 - backend.services.pipeline_adapter - INFO - 流水线模块导入成功
2025-08-06 17:50:59,434 - main - INFO - 启动AutoClip API服务...
2025-08-06 17:50:59,434 - main - INFO - 数据库表创建完成
2025-08-06 17:50:59,435 - main - INFO - API密钥已加载到环境变量
2025-08-06 20:41:14,375 - services.pipeline_adapter - INFO - 流水线模块导入成功
2025-08-06 20:41:14,376 - services.processing_orchestrator - INFO - 流水线模块导入成功
2025-08-06 20:41:14,414 - backend.services.pipeline_adapter - INFO - 流水线模块导入成功
2025-08-06 20:41:14,461 - main - INFO - 启动AutoClip API服务...
2025-08-06 20:41:14,462 - main - INFO - 数据库表创建完成
2025-08-06 20:41:14,462 - main - INFO - API密钥已加载到环境变量
2025-08-06 20:41:30,127 - services.websocket_notification_service - INFO - 项目更新通知已发送: 324a9c81-1b4f-4ce6-96d4-3b7a75e34b05 - processing
2025-08-06 20:47:45,036 - services.pipeline_adapter - INFO - 流水线模块导入成功
2025-08-06 20:47:45,037 - services.processing_orchestrator - INFO - 流水线模块导入成功
2025-08-06 20:47:45,039 - backend.services.pipeline_adapter - INFO - 流水线模块导入成功
2025-08-06 20:47:45,087 - main - INFO - 启动AutoClip API服务...
2025-08-06 20:47:45,088 - main - INFO - 数据库表创建完成
2025-08-06 20:47:45,088 - main - INFO - API密钥已加载到环境变量
2025-08-06 20:48:20,488 - services.pipeline_adapter - INFO - 流水线模块导入成功
2025-08-06 20:48:20,488 - services.processing_orchestrator - INFO - 流水线模块导入成功
2025-08-06 20:48:20,490 - backend.services.pipeline_adapter - INFO - 流水线模块导入成功
2025-08-06 20:48:20,534 - main - INFO - 启动AutoClip API服务...
2025-08-06 20:48:20,535 - main - INFO - 数据库表创建完成
2025-08-06 20:48:20,535 - main - INFO - API密钥已加载到环境变量
2025-08-06 20:50:09,922 - services.pipeline_adapter - INFO - 流水线模块导入成功
2025-08-06 20:50:09,923 - services.processing_orchestrator - INFO - 流水线模块导入成功
2025-08-06 20:50:09,925 - backend.services.pipeline_adapter - INFO - 流水线模块导入成功
2025-08-06 20:50:09,973 - main - INFO - 启动AutoClip API服务...
2025-08-06 20:50:09,974 - main - INFO - 数据库表创建完成
2025-08-06 20:50:09,974 - main - INFO - API密钥已加载到环境变量
2025-08-06 20:51:03,587 - services.pipeline_adapter - INFO - 流水线模块导入成功
2025-08-06 20:51:03,587 - services.processing_orchestrator - INFO - 流水线模块导入成功
2025-08-06 20:51:03,589 - backend.services.pipeline_adapter - INFO - 流水线模块导入成功
2025-08-06 20:51:03,635 - main - INFO - 启动AutoClip API服务...
2025-08-06 20:51:03,636 - main - INFO - 数据库表创建完成
2025-08-06 20:51:03,636 - main - INFO - API密钥已加载到环境变量
2025-08-06 20:52:52,263 - services.pipeline_adapter - INFO - 流水线模块导入成功
2025-08-06 20:52:52,264 - services.processing_orchestrator - INFO - 流水线模块导入成功
2025-08-06 20:53:00,538 - services.pipeline_adapter - INFO - 流水线模块导入成功
2025-08-06 20:53:00,538 - services.processing_orchestrator - INFO - 流水线模块导入成功
2025-08-06 20:53:13,629 - services.pipeline_adapter - INFO - 流水线模块导入成功
2025-08-06 20:53:13,630 - services.processing_orchestrator - INFO - 流水线模块导入成功
2025-08-06 20:53:20,344 - services.pipeline_adapter - INFO - 流水线模块导入成功
2025-08-06 20:53:20,344 - services.processing_orchestrator - INFO - 流水线模块导入成功
2025-08-06 20:53:29,868 - services.pipeline_adapter - INFO - 流水线模块导入成功
2025-08-06 20:53:29,868 - services.processing_orchestrator - INFO - 流水线模块导入成功
2025-08-06 20:53:38,527 - services.pipeline_adapter - INFO - 流水线模块导入成功
2025-08-06 20:53:38,527 - services.processing_orchestrator - INFO - 流水线模块导入成功
2025-08-06 20:53:46,290 - services.pipeline_adapter - INFO - 流水线模块导入成功
2025-08-06 20:53:46,290 - services.processing_orchestrator - INFO - 流水线模块导入成功
2025-08-06 20:53:52,735 - services.pipeline_adapter - INFO - 流水线模块导入成功
2025-08-06 20:53:52,735 - services.processing_orchestrator - INFO - 流水线模块导入成功
2025-08-06 20:54:20,431 - services.pipeline_adapter - INFO - 流水线模块导入成功
2025-08-06 20:54:20,431 - services.processing_orchestrator - INFO - 流水线模块导入成功
2025-08-06 20:54:27,749 - services.pipeline_adapter - INFO - 流水线模块导入成功
2025-08-06 20:54:27,749 - services.processing_orchestrator - INFO - 流水线模块导入成功
2025-08-06 20:54:37,774 - services.pipeline_adapter - INFO - 流水线模块导入成功
2025-08-06 20:54:37,774 - services.processing_orchestrator - INFO - 流水线模块导入成功
2025-08-06 20:54:46,474 - services.pipeline_adapter - INFO - 流水线模块导入成功
2025-08-06 20:54:46,474 - services.processing_orchestrator - INFO - 流水线模块导入成功
2025-08-06 20:54:58,016 - services.pipeline_adapter - INFO - 流水线模块导入成功
2025-08-06 20:54:58,016 - services.processing_orchestrator - INFO - 流水线模块导入成功
2025-08-06 20:55:04,691 - services.pipeline_adapter - INFO - 流水线模块导入成功
2025-08-06 20:55:04,691 - services.processing_orchestrator - INFO - 流水线模块导入成功
2025-08-06 20:55:14,137 - services.pipeline_adapter - INFO - 流水线模块导入成功
2025-08-06 20:55:14,137 - services.processing_orchestrator - INFO - 流水线模块导入成功
2025-08-06 20:55:21,286 - services.pipeline_adapter - INFO - 流水线模块导入成功
2025-08-06 20:55:21,286 - services.processing_orchestrator - INFO - 流水线模块导入成功
2025-08-06 20:55:31,940 - services.pipeline_adapter - INFO - 流水线模块导入成功
2025-08-06 20:55:31,941 - services.processing_orchestrator - INFO - 流水线模块导入成功
2025-08-06 20:55:40,049 - services.pipeline_adapter - INFO - 流水线模块导入成功
2025-08-06 20:55:40,049 - services.processing_orchestrator - INFO - 流水线模块导入成功
2025-08-06 20:55:54,538 - services.pipeline_adapter - INFO - 流水线模块导入成功
2025-08-06 20:55:54,538 - services.processing_orchestrator - INFO - 流水线模块导入成功
2025-08-06 20:56:01,927 - services.pipeline_adapter - INFO - 流水线模块导入成功
2025-08-06 20:56:01,927 - services.processing_orchestrator - INFO - 流水线模块导入成功
2025-08-06 20:56:12,282 - services.pipeline_adapter - INFO - 流水线模块导入成功
2025-08-06 20:56:12,283 - services.processing_orchestrator - INFO - 流水线模块导入成功
2025-08-06 20:56:22,577 - services.pipeline_adapter - INFO - 流水线模块导入成功
2025-08-06 20:56:22,577 - services.processing_orchestrator - INFO - 流水线模块导入成功
2025-08-06 20:56:33,361 - services.pipeline_adapter - INFO - 流水线模块导入成功
2025-08-06 20:56:33,362 - services.processing_orchestrator - INFO - 流水线模块导入成功
2025-08-06 20:56:45,305 - services.pipeline_adapter - INFO - 流水线模块导入成功
2025-08-06 20:56:45,305 - services.processing_orchestrator - INFO - 流水线模块导入成功
2025-08-06 20:56:55,809 - services.pipeline_adapter - INFO - 流水线模块导入成功
2025-08-06 20:56:55,810 - services.processing_orchestrator - INFO - 流水线模块导入成功
2025-08-06 20:57:02,665 - services.pipeline_adapter - INFO - 流水线模块导入成功
2025-08-06 20:57:02,666 - services.processing_orchestrator - INFO - 流水线模块导入成功
2025-08-06 20:57:16,274 - services.pipeline_adapter - INFO - 流水线模块导入成功
2025-08-06 20:57:16,275 - services.processing_orchestrator - INFO - 流水线模块导入成功
2025-08-06 20:57:23,510 - services.pipeline_adapter - INFO - 流水线模块导入成功
2025-08-06 20:57:23,511 - services.processing_orchestrator - INFO - 流水线模块导入成功
2025-08-06 20:57:34,594 - services.pipeline_adapter - INFO - 流水线模块导入成功
2025-08-06 20:57:34,595 - services.processing_orchestrator - INFO - 流水线模块导入成功
2025-08-06 20:57:42,224 - services.pipeline_adapter - INFO - 流水线模块导入成功
2025-08-06 20:57:42,224 - services.processing_orchestrator - INFO - 流水线模块导入成功
2025-08-06 20:57:54,900 - services.pipeline_adapter - INFO - 流水线模块导入成功
2025-08-06 20:57:54,901 - services.processing_orchestrator - INFO - 流水线模块导入成功
2025-08-06 20:58:06,456 - services.pipeline_adapter - INFO - 流水线模块导入成功
2025-08-06 20:58:06,457 - services.processing_orchestrator - INFO - 流水线模块导入成功
2025-08-06 20:58:18,037 - services.pipeline_adapter - INFO - 流水线模块导入成功
2025-08-06 20:58:18,037 - services.processing_orchestrator - INFO - 流水线模块导入成功
2025-08-06 20:58:25,752 - services.pipeline_adapter - INFO - 流水线模块导入成功
2025-08-06 20:58:25,752 - services.processing_orchestrator - INFO - 流水线模块导入成功
2025-08-06 20:58:35,444 - services.pipeline_adapter - INFO - 流水线模块导入成功
2025-08-06 20:58:35,445 - services.processing_orchestrator - INFO - 流水线模块导入成功
2025-08-06 20:58:42,943 - services.pipeline_adapter - INFO - 流水线模块导入成功
2025-08-06 20:58:42,944 - services.processing_orchestrator - INFO - 流水线模块导入成功
2025-08-06 20:58:51,680 - services.pipeline_adapter - INFO - 流水线模块导入成功
2025-08-06 20:58:51,681 - services.processing_orchestrator - INFO - 流水线模块导入成功
2025-08-06 20:58:58,769 - services.pipeline_adapter - INFO - 流水线模块导入成功
2025-08-06 20:58:58,770 - services.processing_orchestrator - INFO - 流水线模块导入成功
2025-08-06 20:59:07,260 - services.pipeline_adapter - INFO - 流水线模块导入成功
2025-08-06 20:59:07,260 - services.processing_orchestrator - INFO - 流水线模块导入成功
2025-08-06 20:59:21,053 - services.pipeline_adapter - INFO - 流水线模块导入成功
2025-08-06 20:59:21,054 - services.processing_orchestrator - INFO - 流水线模块导入成功
2025-08-06 20:59:34,830 - services.pipeline_adapter - INFO - 流水线模块导入成功
2025-08-06 20:59:34,830 - services.processing_orchestrator - INFO - 流水线模块导入成功
2025-08-06 20:59:44,847 - services.pipeline_adapter - INFO - 流水线模块导入成功
2025-08-06 20:59:44,847 - services.processing_orchestrator - INFO - 流水线模块导入成功
2025-08-06 20:59:53,932 - services.pipeline_adapter - INFO - 流水线模块导入成功
2025-08-06 20:59:53,932 - services.processing_orchestrator - INFO - 流水线模块导入成功
2025-08-06 20:59:53,968 - main - INFO - 启动AutoClip API服务...
2025-08-06 20:59:53,969 - main - INFO - 数据库表创建完成
2025-08-06 20:59:53,969 - main - INFO - API密钥已加载到环境变量
2025-08-06 21:00:01,941 - services.pipeline_adapter - INFO - 流水线模块导入成功
2025-08-06 21:00:01,941 - services.processing_orchestrator - INFO - 流水线模块导入成功
2025-08-06 21:01:01,475 - services.pipeline_adapter - INFO - 流水线模块导入成功
2025-08-06 21:01:01,475 - services.processing_orchestrator - INFO - 流水线模块导入成功
2025-08-06 21:01:01,522 - main - INFO - 启动AutoClip API服务...
2025-08-06 21:01:01,523 - main - INFO - 数据库表创建完成
2025-08-06 21:01:01,523 - main - INFO - API密钥已加载到环境变量
2025-08-06 21:04:04,554 - services.pipeline_adapter - INFO - 流水线模块导入成功
2025-08-06 21:04:04,554 - services.processing_orchestrator - INFO - 流水线模块导入成功
2025-08-06 21:04:04,590 - main - INFO - 启动AutoClip API服务...
2025-08-06 21:04:04,591 - main - INFO - 数据库表创建完成
2025-08-06 21:04:04,591 - main - INFO - API密钥已加载到环境变量
2025-08-06 21:08:23,485 - services.pipeline_adapter - INFO - 流水线模块导入成功
2025-08-06 21:08:23,486 - services.processing_orchestrator - INFO - 流水线模块导入成功
2025-08-06 21:08:23,522 - main - INFO - 启动AutoClip API服务...
2025-08-06 21:08:23,523 - main - INFO - 数据库表创建完成
2025-08-06 21:08:23,523 - main - INFO - API密钥已加载到环境变量
2025-08-06 21:14:31,541 - services.pipeline_adapter - INFO - 流水线模块导入成功
2025-08-06 21:14:31,541 - services.processing_orchestrator - INFO - 流水线模块导入成功
2025-08-06 21:14:31,578 - main - INFO - 启动AutoClip API服务...
2025-08-06 21:14:31,579 - main - INFO - 数据库表创建完成
2025-08-06 21:14:31,579 - main - INFO - API密钥已加载到环境变量
2025-08-06 21:21:17,713 - services.pipeline_adapter - INFO - 流水线模块导入成功
2025-08-06 21:21:17,714 - services.processing_orchestrator - INFO - 流水线模块导入成功
2025-08-06 21:21:17,753 - main - INFO - 启动AutoClip API服务...
2025-08-06 21:21:17,756 - main - INFO - 数据库表创建完成
2025-08-06 21:21:17,756 - main - INFO - API密钥已加载到环境变量
2025-08-06 21:22:14,925 - services.pipeline_adapter - INFO - 流水线模块导入成功
2025-08-06 21:22:14,926 - services.processing_orchestrator - INFO - 流水线模块导入成功
2025-08-06 21:22:14,963 - main - INFO - 启动AutoClip API服务...
2025-08-06 21:22:14,964 - main - INFO - 数据库表创建完成
2025-08-06 21:22:14,964 - main - INFO - API密钥已加载到环境变量
2025-08-06 21:23:32,153 - services.pipeline_adapter - INFO - 流水线模块导入成功
2025-08-06 21:23:32,153 - services.processing_orchestrator - INFO - 流水线模块导入成功
2025-08-06 21:23:32,196 - main - INFO - 启动AutoClip API服务...
2025-08-06 21:23:32,198 - main - INFO - 数据库表创建完成
2025-08-06 21:23:32,198 - main - INFO - API密钥已加载到环境变量
2025-08-06 21:25:09,066 - services.websocket_notification_service - INFO - 项目更新通知已发送: d6811ff2-747d-4215-ba3d-dfc861688290 - processing
2025-08-06 21:26:18,205 - services.exceptions - ERROR - 未处理的异常: 'PipelineAdapter' object has no attribute 'adapt_step1_outline'
2025-08-06 21:26:18,205 - services.exceptions - ERROR - ServiceError: SYSTEM_ERROR - 系统错误: 'PipelineAdapter' object has no attribute 'adapt_step1_outline' | Cause: 'PipelineAdapter' object has no attribute 'adapt_step1_outline'
2025-08-06 21:26:18,218 - services.exceptions - ERROR - 未处理的异常: 'PipelineAdapter' object has no attribute 'adapt_step1_outline'
2025-08-06 21:26:18,218 - services.exceptions - ERROR - ServiceError: SYSTEM_ERROR - 系统错误: 'PipelineAdapter' object has no attribute 'adapt_step1_outline' | Cause: 'PipelineAdapter' object has no attribute 'adapt_step1_outline'
2025-08-06 21:26:32,434 - services.websocket_notification_service - INFO - 项目更新通知已发送: 215344dc-316d-4429-9a0b-b20bc2bf5927 - processing
